\BOOKMARK [1][-]{section.1}{Introduction}{}% 1
\BOOKMARK [1][-]{section.2}{Literature}{}% 2
\BOOKMARK [2][-]{subsection.2.1}{Static\040Analysis}{section.2}% 3
\BOOKMARK [3][-]{subsubsection.2.1.1}{Powerful\040Languages}{subsection.2.1}% 4
\BOOKMARK [3][-]{subsubsection.2.1.2}{NaN}{subsection.2.1}% 5
\BOOKMARK [3][-]{subsubsection.2.1.3}{Safe\040Languages}{subsection.2.1}% 6
\BOOKMARK [3][-]{subsubsection.2.1.4}{Middle\040Ground}{subsection.2.1}% 7
\BOOKMARK [2][-]{subsection.2.2}{Inspirations}{section.2}% 8
\BOOKMARK [3][-]{subsubsection.2.2.1}{Code\040Smells}{subsection.2.2}% 9
\BOOKMARK [3][-]{subsubsection.2.2.2}{Compilers}{subsection.2.2}% 10
\BOOKMARK [3][-]{subsubsection.2.2.3}{Symbolic\040Execution}{subsection.2.2}% 11
\BOOKMARK [1][-]{section.3}{Fosite}{}% 12
\BOOKMARK [2][-]{subsection.3.1}{Area\040of\040Application}{section.3}% 13
\BOOKMARK [2][-]{subsection.3.2}{Approach}{section.3}% 14
\BOOKMARK [2][-]{subsection.3.3}{Modules}{section.3}% 15
\BOOKMARK [2][-]{subsection.3.4}{Power\040of\040Interpretation}{section.3}% 16
\BOOKMARK [2][-]{subsection.3.5}{Implementation}{section.3}% 17
\BOOKMARK [3][-]{subsubsection.3.5.1}{Core\040Objects}{subsection.3.5}% 18
\BOOKMARK [3][-]{subsubsection.3.5.2}{Conditionals}{subsection.3.5}% 19
\BOOKMARK [3][-]{subsubsection.3.5.3}{Path\040exclusion}{subsection.3.5}% 20
\BOOKMARK [1][-]{section.4}{Results}{}% 21
\BOOKMARK [1][-]{section.5}{Discussion}{}% 22
\BOOKMARK [1][-]{section.6}{Future\040Work}{}% 23
\BOOKMARK [1][-]{section*.16}{References}{}% 24
